<?xml version="1.0" encoding="UTF-8"?>
<testsuite xmlns:xsi="http://www.w3.org/2001/XMLSchema-instance" xsi:noNamespaceSchemaLocation="https://maven.apache.org/surefire/maven-surefire-plugin/xsd/surefire-test-report-3.0.xsd" version="3.0" name="com.hcmus.web.CourseStudentTest" time="5.316" tests="1" errors="0" skipped="0" failures="0">
  <properties>
[...]
</properties>
  <testcase name="testCourseStudent" classname="com.hcmus.web.CourseStudentTest" time="0.772">
    <system-out><![CDATA[11:33:57.085 [main] INFO org.springframework.test.context.support.AnnotationConfigContextLoaderUtils -- Could not detect default configuration classes for test class [com.hcmus.web.CourseStudentTest]: CourseStudentTest does not declare any static, non-private, non-final, nested classes annotated with @Configuration.
11:33:57.243 [main] INFO org.springframework.boot.test.context.SpringBootTestContextBootstrapper -- Found @SpringBootConfiguration com.hcmus.web.StudentManagementWebsiteApplication for test class com.hcmus.web.CourseStudentTest
11:33:57.362 [main] INFO org.springframework.boot.devtools.restart.RestartApplicationListener -- Restart disabled due to context in which it is running

  .   ____          _            __ _ _
 /\\ / ___'_ __ _ _(_)_ __  __ _ \ \ \ \
( ( )\___ | '_ | '_| | '_ \/ _` | \ \ \ \
 \\/  ___)| |_)| | | | | || (_| |  ) ) ) )
  '  |____| .__|_| |_|_| |_\__, | / / / /
 =========|_|==============|___/=/_/_/_/
 :: Spring Boot ::                (v3.2.5)

2024-05-01T11:33:57.720+07:00  INFO 9816 --- [StudentManagementWebsite] [           main] com.hcmus.web.CourseStudentTest          : Starting CourseStudentTest using Java 19 with PID 9816 (started by Admin in F:\HK2_Nam3\JavaApplicationPrograming\Exercises\StudentManagementWebsite)
2024-05-01T11:33:57.722+07:00  INFO 9816 --- [StudentManagementWebsite] [           main] com.hcmus.web.CourseStudentTest          : No active profile set, falling back to 1 default profile: "default"
2024-05-01T11:33:58.214+07:00  INFO 9816 --- [StudentManagementWebsite] [           main] .s.d.r.c.RepositoryConfigurationDelegate : Bootstrapping Spring Data JPA repositories in DEFAULT mode.
2024-05-01T11:33:58.297+07:00  INFO 9816 --- [StudentManagementWebsite] [           main] .s.d.r.c.RepositoryConfigurationDelegate : Finished Spring Data repository scanning in 69 ms. Found 3 JPA repository interfaces.
2024-05-01T11:33:58.738+07:00  INFO 9816 --- [StudentManagementWebsite] [           main] o.hibernate.jpa.internal.util.LogHelper  : HHH000204: Processing PersistenceUnitInfo [name: default]
2024-05-01T11:33:58.817+07:00  INFO 9816 --- [StudentManagementWebsite] [           main] org.hibernate.Version                    : HHH000412: Hibernate ORM core version 6.4.4.Final
2024-05-01T11:33:58.855+07:00  INFO 9816 --- [StudentManagementWebsite] [           main] o.h.c.internal.RegionFactoryInitiator    : HHH000026: Second-level cache disabled
2024-05-01T11:33:59.192+07:00  INFO 9816 --- [StudentManagementWebsite] [           main] o.s.o.j.p.SpringPersistenceUnitInfo      : No LoadTimeWeaver setup: ignoring JPA class transformer
2024-05-01T11:33:59.225+07:00  INFO 9816 --- [StudentManagementWebsite] [           main] com.zaxxer.hikari.HikariDataSource       : HikariPool-1 - Starting...
2024-05-01T11:33:59.644+07:00  INFO 9816 --- [StudentManagementWebsite] [           main] com.zaxxer.hikari.pool.HikariPool        : HikariPool-1 - Added connection com.mysql.cj.jdbc.ConnectionImpl@57e03347
2024-05-01T11:33:59.646+07:00  INFO 9816 --- [StudentManagementWebsite] [           main] com.zaxxer.hikari.HikariDataSource       : HikariPool-1 - Start completed.
2024-05-01T11:33:59.704+07:00  WARN 9816 --- [StudentManagementWebsite] [           main] org.hibernate.orm.deprecation            : HHH90000025: MySQLDialect does not need to be specified explicitly using 'hibernate.dialect' (remove the property setting and it will be selected by default)
2024-05-01T11:34:00.837+07:00  INFO 9816 --- [StudentManagementWebsite] [           main] o.h.e.t.j.p.i.JtaPlatformInitiator       : HHH000489: No JTA platform available (set 'hibernate.transaction.jta.platform' to enable JTA platform integration)
2024-05-01T11:34:00.928+07:00  INFO 9816 --- [StudentManagementWebsite] [           main] j.LocalContainerEntityManagerFactoryBean : Initialized JPA EntityManagerFactory for persistence unit 'default'
2024-05-01T11:34:01.203+07:00  INFO 9816 --- [StudentManagementWebsite] [           main] o.s.d.j.r.query.QueryEnhancerFactory     : Hibernate is in classpath; If applicable, HQL parser will be used.
2024-05-01T11:34:01.364+07:00  INFO 9816 --- [StudentManagementWebsite] [           main] com.hcmus.web.CourseStudentTest          : Started CourseStudentTest in 4.018 seconds (process running for 5.301)
Hibernate: 
    select
        * 
    from
        student s 
    where
        s.id in (select
            cs.student_id 
        from
            course_student cs 
        where
            cs.course_id = ?)
12
]]></system-out>
  </testcase>
</testsuite>